<?xml version="1.0" encoding="UTF-8"?>
<!-- Generated by org.testng.reporters.JUnitReportReporter -->
<testsuite hostname="LAPTOP-72CGLFOI" failures="0" tests="2" name="cts.miniproject.test.ValidAndInvalidLogin" time="51.253" errors="0" timestamp="2020-03-26T13:00:15 IST" skipped="0">
  <testcase classname="cts.miniproject.test.ValidAndInvalidLogin" name="validlogin" time="31.695"/>
  <system-out/>
  <testcase classname="cts.miniproject.test.ValidAndInvalidLogin" name="Invalidlogin" time="19.558"/>
  <system-out/>
</testsuite> <!-- cts.miniproject.test.ValidAndInvalidLogin -->
