<?xml version="1.0" encoding="UTF-8"?>
<!-- Generated by org.testng.reporters.JUnitReportReporter -->
<testsuite hostname="LAPTOP-72CGLFOI" failures="0" tests="1" name="cts.miniproject.utility.TestSeleniumInChrome" time="14.693" errors="0" timestamp="2020-03-25T14:54:59 IST" skipped="0">
  <testcase classname="cts.miniproject.utility.TestSeleniumInChrome" name="testchrome" time="14.693"/>
  <system-out/>
</testsuite> <!-- cts.miniproject.utility.TestSeleniumInChrome -->
