<?xml version="1.0" encoding="UTF-8"?>
<!-- Generated by org.testng.reporters.JUnitReportReporter -->
<testsuite hostname="LAPTOP-72CGLFOI" failures="0" tests="3" name="onlineclass.Parallel2" time="0.087" errors="0" timestamp="2020-03-24T16:28:07 IST" skipped="0">
  <testcase classname="onlineclass.Parallel2" name="testcase6" time="0.029"/>
  <system-out/>
  <testcase classname="onlineclass.Parallel2" name="testcase5" time="0.029"/>
  <system-out/>
  <testcase classname="onlineclass.Parallel2" name="testcase4" time="0.029"/>
  <system-out/>
</testsuite> <!-- onlineclass.Parallel2 -->
