<?xml version="1.0" encoding="UTF-8"?>
<!-- Generated by org.testng.reporters.JUnitReportReporter -->
<testsuite hostname="LAPTOP-72CGLFOI" failures="0" tests="8" name="onlineclass.Display" time="0.050" errors="0" timestamp="2020-03-24T15:04:36 IST" skipped="0">
  <testcase classname="onlineclass.Display" name="admin1" time="0.019"/>
  <system-out/>
  <testcase classname="onlineclass.Display" name="customer3" time="0.003"/>
  <system-out/>
  <testcase classname="onlineclass.Display" name="vendor2" time="0.004"/>
  <system-out/>
  <testcase classname="onlineclass.Display" name="vendor1" time="0.005"/>
  <system-out/>
  <testcase classname="onlineclass.Display" name="admin2" time="0.006"/>
  <system-out/>
  <testcase classname="onlineclass.Display" name="customer2" time="0.004"/>
  <system-out/>
  <testcase classname="onlineclass.Display" name="customer1" time="0.005"/>
  <system-out/>
  <testcase classname="onlineclass.Display" name="vendor3" time="0.004"/>
  <system-out/>
</testsuite> <!-- onlineclass.Display -->
