<?xml version="1.0" encoding="UTF-8"?>
<!-- Generated by org.testng.reporters.JUnitReportReporter -->
<testsuite hostname="LAPTOP-72CGLFOI" failures="0" tests="3" name="onlineclass.Parallel1" time="0.089" errors="0" timestamp="2020-03-24T16:28:07 IST" skipped="0">
  <testcase classname="onlineclass.Parallel1" name="testcase3" time="0.030"/>
  <system-out/>
  <testcase classname="onlineclass.Parallel1" name="testcase1" time="0.028"/>
  <system-out/>
  <testcase classname="onlineclass.Parallel1" name="testcase2" time="0.031"/>
  <system-out/>
</testsuite> <!-- onlineclass.Parallel1 -->
