<?xml version="1.0" encoding="UTF-8"?>
<!-- Generated by org.testng.reporters.JUnitReportReporter -->
<testsuite hostname="LAPTOP-72CGLFOI" failures="0" tests="1" name="onlineclass.TestSelenium" time="0.031" errors="0" timestamp="2020-03-25T12:05:29 IST" skipped="0">
  <testcase classname="onlineclass.TestSelenium" name="testconfig" time="0.031"/>
  <system-out/>
</testsuite> <!-- onlineclass.TestSelenium -->
