<?xml version="1.0" encoding="UTF-8"?>
<!-- Generated by org.testng.reporters.JUnitReportReporter -->
<testsuite hostname="LAPTOP-72CGLFOI" failures="0" tests="1" name="practice.HandlingJunit" time="0.022" errors="0" timestamp="2020-03-26T15:27:57 IST" skipped="0">
  <testcase classname="practice.HandlingJunit" name="onetimesetup" time="0.022"/>
  <system-out/>
</testsuite> <!-- practice.HandlingJunit -->
