<?xml version="1.0" encoding="UTF-8"?>
<!-- Generated by org.testng.reporters.JUnitReportReporter -->
<testsuite hostname="LAPTOP-72CGLFOI" failures="0" tests="1" name="cts.testng.practice.ExtentReportDemo" time="1.822" errors="0" timestamp="2020-03-28T12:27:18 IST" skipped="0">
  <testcase classname="cts.testng.practice.ExtentReportDemo" name="loginTest" time="1.822"/>
  <system-out/>
</testsuite> <!-- cts.testng.practice.ExtentReportDemo -->
