<?xml version="1.0" encoding="UTF-8"?>
<!-- Generated by org.testng.reporters.JUnitReportReporter -->
<testsuite hostname="LAPTOP-72CGLFOI" failures="0" tests="1" name="cts.testng.practice.ExtentReportDemo1" time="1.597" errors="0" timestamp="2020-03-28T13:58:37 IST" skipped="0">
  <testcase classname="cts.testng.practice.ExtentReportDemo1" name="loginTest" time="1.597"/>
  <system-out/>
</testsuite> <!-- cts.testng.practice.ExtentReportDemo1 -->
